<?xml version="1.0" encoding="UTF-8"?>
<testsuite xmlns:xsi="http://www.w3.org/2001/XMLSchema-instance" xsi:noNamespaceSchemaLocation="https://maven.apache.org/surefire/maven-surefire-plugin/xsd/surefire-test-report.xsd" version="3.0.2" name="TestSuite" time="53.786" tests="21" errors="0" skipped="0" failures="0">
  <properties>
    <property name="java.specification.version" value="24"/>
    <property name="sun.cpu.isalist" value="amd64"/>
    <property name="sun.jnu.encoding" value="Cp1252"/>
    <property name="java.class.path" value="C:\Users\niksh\eclipse-workspace\Framework\target\test-classes;C:\Users\niksh\eclipse-workspace\Framework\target\classes;C:\Users\niksh\.m2\repository\io\github\bonigarcia\webdrivermanager\5.8.0\webdrivermanager-5.8.0.jar;C:\Users\niksh\.m2\repository\org\slf4j\slf4j-api\2.0.12\slf4j-api-2.0.12.jar;C:\Users\niksh\.m2\repository\com\google\code\gson\gson\2.10.1\gson-2.10.1.jar;C:\Users\niksh\.m2\repository\com\github\docker-java\docker-java\3.3.6\docker-java-3.3.6.jar;C:\Users\niksh\.m2\repository\com\github\docker-java\docker-java-core\3.3.6\docker-java-core-3.3.6.jar;C:\Users\niksh\.m2\repository\com\github\docker-java\docker-java-api\3.3.6\docker-java-api-3.3.6.jar;C:\Users\niksh\.m2\repository\com\fasterxml\jackson\core\jackson-annotations\2.10.3\jackson-annotations-2.10.3.jar;C:\Users\niksh\.m2\repository\com\fasterxml\jackson\core\jackson-databind\2.10.3\jackson-databind-2.10.3.jar;C:\Users\niksh\.m2\repository\com\fasterxml\jackson\core\jackson-core\2.10.3\jackson-core-2.10.3.jar;C:\Users\niksh\.m2\repository\org\bouncycastle\bcpkix-jdk18on\1.76\bcpkix-jdk18on-1.76.jar;C:\Users\niksh\.m2\repository\org\bouncycastle\bcprov-jdk18on\1.76\bcprov-jdk18on-1.76.jar;C:\Users\niksh\.m2\repository\org\bouncycastle\bcutil-jdk18on\1.76\bcutil-jdk18on-1.76.jar;C:\Users\niksh\.m2\repository\org\slf4j\jcl-over-slf4j\1.7.30\jcl-over-slf4j-1.7.30.jar;C:\Users\niksh\.m2\repository\com\github\docker-java\docker-java-transport-httpclient5\3.3.6\docker-java-transport-httpclient5-3.3.6.jar;C:\Users\niksh\.m2\repository\com\github\docker-java\docker-java-transport\3.3.6\docker-java-transport-3.3.6.jar;C:\Users\niksh\.m2\repository\net\java\dev\jna\jna\5.13.0\jna-5.13.0.jar;C:\Users\niksh\.m2\repository\org\brotli\dec\0.1.2\dec-0.1.2.jar;C:\Users\niksh\.m2\repository\org\apache\commons\commons-lang3\3.14.0\commons-lang3-3.14.0.jar;C:\Users\niksh\.m2\repository\org\apache\commons\commons-compress\1.26.1\commons-compress-1.26.1.jar;C:\Users\niksh\.m2\repository\org\apache\httpcomponents\client5\httpclient5\5.2.1\httpclient5-5.2.1.jar;C:\Users\niksh\.m2\repository\org\apache\httpcomponents\core5\httpcore5\5.2\httpcore5-5.2.jar;C:\Users\niksh\.m2\repository\org\apache\httpcomponents\core5\httpcore5-h2\5.2\httpcore5-h2-5.2.jar;C:\Users\niksh\.m2\repository\org\testng\testng\7.11.0\testng-7.11.0.jar;C:\Users\niksh\.m2\repository\org\jcommander\jcommander\1.83\jcommander-1.83.jar;C:\Users\niksh\.m2\repository\org\webjars\jquery\3.7.1\jquery-3.7.1.jar;C:\Users\niksh\.m2\repository\org\seleniumhq\selenium\selenium-java\4.35.0\selenium-java-4.35.0.jar;C:\Users\niksh\.m2\repository\org\seleniumhq\selenium\selenium-api\4.35.0\selenium-api-4.35.0.jar;C:\Users\niksh\.m2\repository\org\jspecify\jspecify\1.0.0\jspecify-1.0.0.jar;C:\Users\niksh\.m2\repository\org\seleniumhq\selenium\selenium-chrome-driver\4.35.0\selenium-chrome-driver-4.35.0.jar;C:\Users\niksh\.m2\repository\com\google\auto\service\auto-service-annotations\1.1.1\auto-service-annotations-1.1.1.jar;C:\Users\niksh\.m2\repository\org\seleniumhq\selenium\selenium-chromium-driver\4.35.0\selenium-chromium-driver-4.35.0.jar;C:\Users\niksh\.m2\repository\org\seleniumhq\selenium\selenium-json\4.35.0\selenium-json-4.35.0.jar;C:\Users\niksh\.m2\repository\org\seleniumhq\selenium\selenium-manager\4.35.0\selenium-manager-4.35.0.jar;C:\Users\niksh\.m2\repository\org\seleniumhq\selenium\selenium-devtools-v137\4.35.0\selenium-devtools-v137-4.35.0.jar;C:\Users\niksh\.m2\repository\org\seleniumhq\selenium\selenium-devtools-v138\4.35.0\selenium-devtools-v138-4.35.0.jar;C:\Users\niksh\.m2\repository\org\seleniumhq\selenium\selenium-devtools-v139\4.35.0\selenium-devtools-v139-4.35.0.jar;C:\Users\niksh\.m2\repository\org\seleniumhq\selenium\selenium-edge-driver\4.35.0\selenium-edge-driver-4.35.0.jar;C:\Users\niksh\.m2\repository\org\seleniumhq\selenium\selenium-firefox-driver\4.35.0\selenium-firefox-driver-4.35.0.jar;C:\Users\niksh\.m2\repository\org\seleniumhq\selenium\selenium-http\4.35.0\selenium-http-4.35.0.jar;C:\Users\niksh\.m2\repository\org\seleniumhq\selenium\selenium-ie-driver\4.35.0\selenium-ie-driver-4.35.0.jar;C:\Users\niksh\.m2\repository\org\seleniumhq\selenium\selenium-remote-driver\4.35.0\selenium-remote-driver-4.35.0.jar;C:\Users\niksh\.m2\repository\com\google\guava\guava\33.4.8-jre\guava-33.4.8-jre.jar;C:\Users\niksh\.m2\repository\com\google\guava\failureaccess\1.0.3\failureaccess-1.0.3.jar;C:\Users\niksh\.m2\repository\com\google\guava\listenablefuture\9999.0-empty-to-avoid-conflict-with-guava\listenablefuture-9999.0-empty-to-avoid-conflict-with-guava.jar;C:\Users\niksh\.m2\repository\com\google\errorprone\error_prone_annotations\2.36.0\error_prone_annotations-2.36.0.jar;C:\Users\niksh\.m2\repository\com\google\j2objc\j2objc-annotations\3.0.0\j2objc-annotations-3.0.0.jar;C:\Users\niksh\.m2\repository\io\opentelemetry\opentelemetry-api\1.53.0\opentelemetry-api-1.53.0.jar;C:\Users\niksh\.m2\repository\io\opentelemetry\opentelemetry-context\1.53.0\opentelemetry-context-1.53.0.jar;C:\Users\niksh\.m2\repository\io\opentelemetry\opentelemetry-common\1.53.0\opentelemetry-common-1.53.0.jar;C:\Users\niksh\.m2\repository\io\opentelemetry\opentelemetry-exporter-logging\1.53.0\opentelemetry-exporter-logging-1.53.0.jar;C:\Users\niksh\.m2\repository\io\opentelemetry\opentelemetry-sdk-common\1.53.0\opentelemetry-sdk-common-1.53.0.jar;C:\Users\niksh\.m2\repository\io\opentelemetry\opentelemetry-sdk-extension-autoconfigure-spi\1.53.0\opentelemetry-sdk-extension-autoconfigure-spi-1.53.0.jar;C:\Users\niksh\.m2\repository\io\opentelemetry\opentelemetry-sdk-extension-autoconfigure\1.53.0\opentelemetry-sdk-extension-autoconfigure-1.53.0.jar;C:\Users\niksh\.m2\repository\io\opentelemetry\opentelemetry-sdk-trace\1.53.0\opentelemetry-sdk-trace-1.53.0.jar;C:\Users\niksh\.m2\repository\io\opentelemetry\opentelemetry-sdk\1.53.0\opentelemetry-sdk-1.53.0.jar;C:\Users\niksh\.m2\repository\io\opentelemetry\opentelemetry-sdk-metrics\1.53.0\opentelemetry-sdk-metrics-1.53.0.jar;C:\Users\niksh\.m2\repository\io\opentelemetry\opentelemetry-sdk-logs\1.53.0\opentelemetry-sdk-logs-1.53.0.jar;C:\Users\niksh\.m2\repository\net\bytebuddy\byte-buddy\1.17.6\byte-buddy-1.17.6.jar;C:\Users\niksh\.m2\repository\org\seleniumhq\selenium\selenium-os\4.35.0\selenium-os-4.35.0.jar;C:\Users\niksh\.m2\repository\org\apache\commons\commons-exec\1.5.0\commons-exec-1.5.0.jar;C:\Users\niksh\.m2\repository\org\seleniumhq\selenium\selenium-safari-driver\4.35.0\selenium-safari-driver-4.35.0.jar;C:\Users\niksh\.m2\repository\org\seleniumhq\selenium\selenium-support\4.35.0\selenium-support-4.35.0.jar;C:\Users\niksh\.m2\repository\org\apache\poi\poi\5.4.1\poi-5.4.1.jar;C:\Users\niksh\.m2\repository\commons-codec\commons-codec\1.18.0\commons-codec-1.18.0.jar;C:\Users\niksh\.m2\repository\org\apache\commons\commons-collections4\4.4\commons-collections4-4.4.jar;C:\Users\niksh\.m2\repository\org\apache\commons\commons-math3\3.6.1\commons-math3-3.6.1.jar;C:\Users\niksh\.m2\repository\commons-io\commons-io\2.18.0\commons-io-2.18.0.jar;C:\Users\niksh\.m2\repository\com\zaxxer\SparseBitSet\1.3\SparseBitSet-1.3.jar;C:\Users\niksh\.m2\repository\org\apache\logging\log4j\log4j-api\2.24.3\log4j-api-2.24.3.jar;C:\Users\niksh\.m2\repository\org\apache\poi\poi-ooxml\5.4.1\poi-ooxml-5.4.1.jar;C:\Users\niksh\.m2\repository\org\apache\poi\poi-ooxml-lite\5.4.1\poi-ooxml-lite-5.4.1.jar;C:\Users\niksh\.m2\repository\org\apache\xmlbeans\xmlbeans\5.3.0\xmlbeans-5.3.0.jar;C:\Users\niksh\.m2\repository\com\github\virtuald\curvesapi\1.08\curvesapi-1.08.jar;C:\Users\niksh\.m2\repository\com\aventstack\extentreports\5.1.2\extentreports-5.1.2.jar;C:\Users\niksh\.m2\repository\io\reactivex\rxjava3\rxjava\3.1.6\rxjava-3.1.6.jar;C:\Users\niksh\.m2\repository\org\reactivestreams\reactive-streams\1.0.4\reactive-streams-1.0.4.jar;C:\Users\niksh\.m2\repository\org\freemarker\freemarker\2.3.32\freemarker-2.3.32.jar;C:\Users\niksh\.m2\repository\org\projectlombok\lombok\1.18.26\lombok-1.18.26.jar;"/>
    <property name="java.vm.vendor" value="Oracle Corporation"/>
    <property name="sun.arch.data.model" value="64"/>
    <property name="user.variant" value=""/>
    <property name="java.vendor.url" value="https://java.oracle.com/"/>
    <property name="user.timezone" value="Asia/Calcutta"/>
    <property name="os.name" value="Windows 11"/>
    <property name="java.vm.specification.version" value="24"/>
    <property name="sun.java.launcher" value="SUN_STANDARD"/>
    <property name="user.country" value="IN"/>
    <property name="sun.boot.library.path" value="C:\Program Files\Java\jdk-24\bin"/>
    <property name="sun.java.command" value="C:\Users\niksh\AppData\Local\Temp\surefire6598613493270852009\surefirebooter-20251007033227206_3.jar C:\Users\niksh\AppData\Local\Temp\surefire6598613493270852009 2025-10-07T03-32-26_931-jvmRun1 surefire-20251007033227206_1tmp surefire_0-20251007033227206_2tmp"/>
    <property name="jdk.debug" value="release"/>
    <property name="surefire.test.class.path" value="C:\Users\niksh\eclipse-workspace\Framework\target\test-classes;C:\Users\niksh\eclipse-workspace\Framework\target\classes;C:\Users\niksh\.m2\repository\io\github\bonigarcia\webdrivermanager\5.8.0\webdrivermanager-5.8.0.jar;C:\Users\niksh\.m2\repository\org\slf4j\slf4j-api\2.0.12\slf4j-api-2.0.12.jar;C:\Users\niksh\.m2\repository\com\google\code\gson\gson\2.10.1\gson-2.10.1.jar;C:\Users\niksh\.m2\repository\com\github\docker-java\docker-java\3.3.6\docker-java-3.3.6.jar;C:\Users\niksh\.m2\repository\com\github\docker-java\docker-java-core\3.3.6\docker-java-core-3.3.6.jar;C:\Users\niksh\.m2\repository\com\github\docker-java\docker-java-api\3.3.6\docker-java-api-3.3.6.jar;C:\Users\niksh\.m2\repository\com\fasterxml\jackson\core\jackson-annotations\2.10.3\jackson-annotations-2.10.3.jar;C:\Users\niksh\.m2\repository\com\fasterxml\jackson\core\jackson-databind\2.10.3\jackson-databind-2.10.3.jar;C:\Users\niksh\.m2\repository\com\fasterxml\jackson\core\jackson-core\2.10.3\jackson-core-2.10.3.jar;C:\Users\niksh\.m2\repository\org\bouncycastle\bcpkix-jdk18on\1.76\bcpkix-jdk18on-1.76.jar;C:\Users\niksh\.m2\repository\org\bouncycastle\bcprov-jdk18on\1.76\bcprov-jdk18on-1.76.jar;C:\Users\niksh\.m2\repository\org\bouncycastle\bcutil-jdk18on\1.76\bcutil-jdk18on-1.76.jar;C:\Users\niksh\.m2\repository\org\slf4j\jcl-over-slf4j\1.7.30\jcl-over-slf4j-1.7.30.jar;C:\Users\niksh\.m2\repository\com\github\docker-java\docker-java-transport-httpclient5\3.3.6\docker-java-transport-httpclient5-3.3.6.jar;C:\Users\niksh\.m2\repository\com\github\docker-java\docker-java-transport\3.3.6\docker-java-transport-3.3.6.jar;C:\Users\niksh\.m2\repository\net\java\dev\jna\jna\5.13.0\jna-5.13.0.jar;C:\Users\niksh\.m2\repository\org\brotli\dec\0.1.2\dec-0.1.2.jar;C:\Users\niksh\.m2\repository\org\apache\commons\commons-lang3\3.14.0\commons-lang3-3.14.0.jar;C:\Users\niksh\.m2\repository\org\apache\commons\commons-compress\1.26.1\commons-compress-1.26.1.jar;C:\Users\niksh\.m2\repository\org\apache\httpcomponents\client5\httpclient5\5.2.1\httpclient5-5.2.1.jar;C:\Users\niksh\.m2\repository\org\apache\httpcomponents\core5\httpcore5\5.2\httpcore5-5.2.jar;C:\Users\niksh\.m2\repository\org\apache\httpcomponents\core5\httpcore5-h2\5.2\httpcore5-h2-5.2.jar;C:\Users\niksh\.m2\repository\org\testng\testng\7.11.0\testng-7.11.0.jar;C:\Users\niksh\.m2\repository\org\jcommander\jcommander\1.83\jcommander-1.83.jar;C:\Users\niksh\.m2\repository\org\webjars\jquery\3.7.1\jquery-3.7.1.jar;C:\Users\niksh\.m2\repository\org\seleniumhq\selenium\selenium-java\4.35.0\selenium-java-4.35.0.jar;C:\Users\niksh\.m2\repository\org\seleniumhq\selenium\selenium-api\4.35.0\selenium-api-4.35.0.jar;C:\Users\niksh\.m2\repository\org\jspecify\jspecify\1.0.0\jspecify-1.0.0.jar;C:\Users\niksh\.m2\repository\org\seleniumhq\selenium\selenium-chrome-driver\4.35.0\selenium-chrome-driver-4.35.0.jar;C:\Users\niksh\.m2\repository\com\google\auto\service\auto-service-annotations\1.1.1\auto-service-annotations-1.1.1.jar;C:\Users\niksh\.m2\repository\org\seleniumhq\selenium\selenium-chromium-driver\4.35.0\selenium-chromium-driver-4.35.0.jar;C:\Users\niksh\.m2\repository\org\seleniumhq\selenium\selenium-json\4.35.0\selenium-json-4.35.0.jar;C:\Users\niksh\.m2\repository\org\seleniumhq\selenium\selenium-manager\4.35.0\selenium-manager-4.35.0.jar;C:\Users\niksh\.m2\repository\org\seleniumhq\selenium\selenium-devtools-v137\4.35.0\selenium-devtools-v137-4.35.0.jar;C:\Users\niksh\.m2\repository\org\seleniumhq\selenium\selenium-devtools-v138\4.35.0\selenium-devtools-v138-4.35.0.jar;C:\Users\niksh\.m2\repository\org\seleniumhq\selenium\selenium-devtools-v139\4.35.0\selenium-devtools-v139-4.35.0.jar;C:\Users\niksh\.m2\repository\org\seleniumhq\selenium\selenium-edge-driver\4.35.0\selenium-edge-driver-4.35.0.jar;C:\Users\niksh\.m2\repository\org\seleniumhq\selenium\selenium-firefox-driver\4.35.0\selenium-firefox-driver-4.35.0.jar;C:\Users\niksh\.m2\repository\org\seleniumhq\selenium\selenium-http\4.35.0\selenium-http-4.35.0.jar;C:\Users\niksh\.m2\repository\org\seleniumhq\selenium\selenium-ie-driver\4.35.0\selenium-ie-driver-4.35.0.jar;C:\Users\niksh\.m2\repository\org\seleniumhq\selenium\selenium-remote-driver\4.35.0\selenium-remote-driver-4.35.0.jar;C:\Users\niksh\.m2\repository\com\google\guava\guava\33.4.8-jre\guava-33.4.8-jre.jar;C:\Users\niksh\.m2\repository\com\google\guava\failureaccess\1.0.3\failureaccess-1.0.3.jar;C:\Users\niksh\.m2\repository\com\google\guava\listenablefuture\9999.0-empty-to-avoid-conflict-with-guava\listenablefuture-9999.0-empty-to-avoid-conflict-with-guava.jar;C:\Users\niksh\.m2\repository\com\google\errorprone\error_prone_annotations\2.36.0\error_prone_annotations-2.36.0.jar;C:\Users\niksh\.m2\repository\com\google\j2objc\j2objc-annotations\3.0.0\j2objc-annotations-3.0.0.jar;C:\Users\niksh\.m2\repository\io\opentelemetry\opentelemetry-api\1.53.0\opentelemetry-api-1.53.0.jar;C:\Users\niksh\.m2\repository\io\opentelemetry\opentelemetry-context\1.53.0\opentelemetry-context-1.53.0.jar;C:\Users\niksh\.m2\repository\io\opentelemetry\opentelemetry-common\1.53.0\opentelemetry-common-1.53.0.jar;C:\Users\niksh\.m2\repository\io\opentelemetry\opentelemetry-exporter-logging\1.53.0\opentelemetry-exporter-logging-1.53.0.jar;C:\Users\niksh\.m2\repository\io\opentelemetry\opentelemetry-sdk-common\1.53.0\opentelemetry-sdk-common-1.53.0.jar;C:\Users\niksh\.m2\repository\io\opentelemetry\opentelemetry-sdk-extension-autoconfigure-spi\1.53.0\opentelemetry-sdk-extension-autoconfigure-spi-1.53.0.jar;C:\Users\niksh\.m2\repository\io\opentelemetry\opentelemetry-sdk-extension-autoconfigure\1.53.0\opentelemetry-sdk-extension-autoconfigure-1.53.0.jar;C:\Users\niksh\.m2\repository\io\opentelemetry\opentelemetry-sdk-trace\1.53.0\opentelemetry-sdk-trace-1.53.0.jar;C:\Users\niksh\.m2\repository\io\opentelemetry\opentelemetry-sdk\1.53.0\opentelemetry-sdk-1.53.0.jar;C:\Users\niksh\.m2\repository\io\opentelemetry\opentelemetry-sdk-metrics\1.53.0\opentelemetry-sdk-metrics-1.53.0.jar;C:\Users\niksh\.m2\repository\io\opentelemetry\opentelemetry-sdk-logs\1.53.0\opentelemetry-sdk-logs-1.53.0.jar;C:\Users\niksh\.m2\repository\net\bytebuddy\byte-buddy\1.17.6\byte-buddy-1.17.6.jar;C:\Users\niksh\.m2\repository\org\seleniumhq\selenium\selenium-os\4.35.0\selenium-os-4.35.0.jar;C:\Users\niksh\.m2\repository\org\apache\commons\commons-exec\1.5.0\commons-exec-1.5.0.jar;C:\Users\niksh\.m2\repository\org\seleniumhq\selenium\selenium-safari-driver\4.35.0\selenium-safari-driver-4.35.0.jar;C:\Users\niksh\.m2\repository\org\seleniumhq\selenium\selenium-support\4.35.0\selenium-support-4.35.0.jar;C:\Users\niksh\.m2\repository\org\apache\poi\poi\5.4.1\poi-5.4.1.jar;C:\Users\niksh\.m2\repository\commons-codec\commons-codec\1.18.0\commons-codec-1.18.0.jar;C:\Users\niksh\.m2\repository\org\apache\commons\commons-collections4\4.4\commons-collections4-4.4.jar;C:\Users\niksh\.m2\repository\org\apache\commons\commons-math3\3.6.1\commons-math3-3.6.1.jar;C:\Users\niksh\.m2\repository\commons-io\commons-io\2.18.0\commons-io-2.18.0.jar;C:\Users\niksh\.m2\repository\com\zaxxer\SparseBitSet\1.3\SparseBitSet-1.3.jar;C:\Users\niksh\.m2\repository\org\apache\logging\log4j\log4j-api\2.24.3\log4j-api-2.24.3.jar;C:\Users\niksh\.m2\repository\org\apache\poi\poi-ooxml\5.4.1\poi-ooxml-5.4.1.jar;C:\Users\niksh\.m2\repository\org\apache\poi\poi-ooxml-lite\5.4.1\poi-ooxml-lite-5.4.1.jar;C:\Users\niksh\.m2\repository\org\apache\xmlbeans\xmlbeans\5.3.0\xmlbeans-5.3.0.jar;C:\Users\niksh\.m2\repository\com\github\virtuald\curvesapi\1.08\curvesapi-1.08.jar;C:\Users\niksh\.m2\repository\com\aventstack\extentreports\5.1.2\extentreports-5.1.2.jar;C:\Users\niksh\.m2\repository\io\reactivex\rxjava3\rxjava\3.1.6\rxjava-3.1.6.jar;C:\Users\niksh\.m2\repository\org\reactivestreams\reactive-streams\1.0.4\reactive-streams-1.0.4.jar;C:\Users\niksh\.m2\repository\org\freemarker\freemarker\2.3.32\freemarker-2.3.32.jar;C:\Users\niksh\.m2\repository\org\projectlombok\lombok\1.18.26\lombok-1.18.26.jar;"/>
    <property name="sun.cpu.endian" value="little"/>
    <property name="user.home" value="C:\Users\niksh"/>
    <property name="user.language" value="en"/>
    <property name="java.specification.vendor" value="Oracle Corporation"/>
    <property name="java.version.date" value="2025-04-15"/>
    <property name="java.home" value="C:\Program Files\Java\jdk-24"/>
    <property name="file.separator" value="\"/>
    <property name="basedir" value="C:\Users\niksh\eclipse-workspace\Framework"/>
    <property name="java.vm.compressedOopsMode" value="32-bit"/>
    <property name="line.separator" value="&#10;"/>
    <property name="java.vm.specification.vendor" value="Oracle Corporation"/>
    <property name="java.specification.name" value="Java Platform API Specification"/>
    <property name="surefire.real.class.path" value="C:\Users\niksh\AppData\Local\Temp\surefire6598613493270852009\surefirebooter-20251007033227206_3.jar"/>
    <property name="user.script" value=""/>
    <property name="sun.management.compiler" value="HotSpot 64-Bit Tiered Compilers"/>
    <property name="java.runtime.version" value="24.0.1+9-30"/>
    <property name="user.name" value="niksh"/>
    <property name="stdout.encoding" value="Cp1252"/>
    <property name="path.separator" value=";"/>
    <property name="os.version" value="10.0"/>
    <property name="java.runtime.name" value="Java(TM) SE Runtime Environment"/>
    <property name="file.encoding" value="UTF-8"/>
    <property name="java.vm.name" value="Java HotSpot(TM) 64-Bit Server VM"/>
    <property name="localRepository" value="C:\Users\niksh\.m2\repository"/>
    <property name="java.vendor.url.bug" value="https://bugreport.java.com/bugreport/"/>
    <property name="java.io.tmpdir" value="C:\Users\niksh\AppData\Local\Temp\"/>
    <property name="java.version" value="24.0.1"/>
    <property name="user.dir" value="C:\Users\niksh\eclipse-workspace\Framework"/>
    <property name="os.arch" value="amd64"/>
    <property name="java.vm.specification.name" value="Java Virtual Machine Specification"/>
    <property name="sun.os.patch.level" value=""/>
    <property name="native.encoding" value="Cp1252"/>
    <property name="java.library.path" value="C:\Program Files\Java\jdk-24\bin;C:\WINDOWS\Sun\Java\bin;C:\WINDOWS\system32;C:\WINDOWS;C:\Program Files\Common Files\Oracle\Java\javapath;C:\Users\niksh\AppData\Local\Programs\Python\Python312\Scripts\;C:\Users\niksh\AppData\Local\Programs\Python\Python312\;C:\Windows\system32;C:\Windows;C:\Windows\System32\Wbem;C:\Windows\System32\WindowsPowerShell\v1.0\;C:\Windows\System32\OpenSSH\;C:\Program Files\dotnet\;C:\WINDOWS\system32;C:\WINDOWS;C:\WINDOWS\System32\Wbem;C:\WINDOWS\System32\WindowsPowerShell\v1.0\;C:\WINDOWS\System32\OpenSSH\;C:\Program Files (x86)\NVIDIA Corporation\PhysX\Common;C:\ProgramData\chocolatey\bin;C:\Program Files\nodejs\;C:\Program Files\NVIDIA Corporation\NVIDIA app\NvDLISR;C:\WINDOWS\system32;C:\WINDOWS;C:\WINDOWS\System32\Wbem;C:\WINDOWS\System32\WindowsPowerShell\v1.0\;C:\WINDOWS\System32\OpenSSH\;C:\Users\niksh\AppData\Local\Microsoft\WindowsApps;C:\Users\niksh\AppData\Local\Programs\Microsoft VS Code\bin;C:\Users\niksh\AppData\Roaming\npm;C:\Users\niksh\Downloads\apache-maven-3.9.11-bin\apache-maven-3.9.11\bin;;."/>
    <property name="java.vm.info" value="mixed mode, sharing"/>
    <property name="stderr.encoding" value="Cp1252"/>
    <property name="java.vendor" value="Oracle Corporation"/>
    <property name="java.vm.version" value="24.0.1+9-30"/>
    <property name="sun.io.unicode.encoding" value="UnicodeLittle"/>
    <property name="java.class.version" value="68.0"/>
  </properties>
  <testcase name="verifyTitle" classname="TestCases.LoginTests" time="0.022">
    <system-out><![CDATA[Current Page Title: OrangeHRM
]]></system-out>
    <system-err><![CDATA[SLF4J(W): No SLF4J providers were found.
SLF4J(W): Defaulting to no-operation (NOP) logger implementation
SLF4J(W): See https://www.slf4j.org/codes.html#noProviders for further details.
Oct 07, 2025 3:32:30 AM org.openqa.selenium.devtools.CdpVersionFinder findNearestMatch
WARNING: Unable to find an exact match for CDP version 140, returning the closest version; found: 139; Please update to a Selenium version that supports CDP version 140
]]></system-err>
  </testcase>
  <testcase name="testLogin" classname="TestCases.LoginTests" time="0.795"/>
  <testcase name="verifyDashboardIsDisplayed" classname="TestCases.DashboardTests" time="1.808">
    <system-out><![CDATA[Dashboard displayed: true
]]></system-out>
    <system-err><![CDATA[Oct 07, 2025 3:32:36 AM org.openqa.selenium.devtools.CdpVersionFinder findNearestMatch
WARNING: Unable to find an exact match for CDP version 140, returning the closest version; found: 139; Please update to a Selenium version that supports CDP version 140
]]></system-err>
  </testcase>
  <testcase name="verifyDashboardTitle" classname="TestCases.DashboardTests" time="0.018">
    <system-out><![CDATA[Current Page Title: OrangeHRM
]]></system-out>
  </testcase>
  <testcase name="verifyDashboardUrl" classname="TestCases.DashboardTests" time="0.026">
    <system-out><![CDATA[Current URL: https://opensource-demo.orangehrmlive.com/web/index.php/dashboard/index
]]></system-out>
  </testcase>
  <testcase name="clickAdminMenu" classname="TestCases.SideMenuTests" time="3.1">
    <system-out><![CDATA[ Clicked on Admin menu successfully.
]]></system-out>
    <system-err><![CDATA[Oct 07, 2025 3:32:43 AM org.openqa.selenium.devtools.CdpVersionFinder findNearestMatch
WARNING: Unable to find an exact match for CDP version 140, returning the closest version; found: 139; Please update to a Selenium version that supports CDP version 140
]]></system-err>
  </testcase>
  <testcase name="clickPIMMenu" classname="TestCases.SideMenuTests" time="1.381">
    <system-out><![CDATA[ Clicked on PIM menu successfully.
]]></system-out>
  </testcase>
  <testcase name="clickLeaveMenu" classname="TestCases.SideMenuTests" time="1.38">
    <system-out><![CDATA[ Clicked on Leave menu successfully.
]]></system-out>
  </testcase>
  <testcase name="clickTimeMenu" classname="TestCases.SideMenuTests" time="1.486">
    <system-out><![CDATA[ Clicked on Time menu successfully.
]]></system-out>
  </testcase>
  <testcase name="clickRecruitmentMenu" classname="TestCases.SideMenuTests" time="1.355">
    <system-out><![CDATA[ Clicked on Recruitment menu successfully.
]]></system-out>
  </testcase>
  <testcase name="clickMyInfoMenu" classname="TestCases.SideMenuTests" time="2.596">
    <system-out><![CDATA[Clicked on My Info menu successfully.
]]></system-out>
  </testcase>
  <testcase name="clickPerformanceMenu" classname="TestCases.SideMenuTests" time="0.96">
    <system-out><![CDATA[ Clicked on Performance menu successfully.
]]></system-out>
  </testcase>
  <testcase name="clickDashboardMenu" classname="TestCases.SideMenuTests" time="1.165">
    <system-out><![CDATA[Clicked on Dashboard menu successfully.
]]></system-out>
  </testcase>
  <testcase name="clickDirectoryMenu" classname="TestCases.SideMenuTests" time="1.133">
    <system-out><![CDATA[Clicked on Directory menu successfully.
]]></system-out>
  </testcase>
  <testcase name="clickMaintenanceMenu" classname="TestCases.SideMenuTests" time="1.514">
    <system-out><![CDATA[Clicked on Maintenance menu successfully.
]]></system-out>
  </testcase>
  <testcase name="clickCancel" classname="TestCases.SideMenuTests" time="0.934"/>
  <testcase name="clickClaimMenu" classname="TestCases.SideMenuTests" time="1.338">
    <system-out><![CDATA[Clicked on Claim menu successfully.
]]></system-out>
  </testcase>
  <testcase name="clickBuzzMenu" classname="TestCases.SideMenuTests" time="1.115">
    <system-out><![CDATA[Clicked on Buzz menu successfully.
]]></system-out>
  </testcase>
  <testcase name="searchAdminMenu" classname="TestCases.SideSearchTests" time="3.952">
    <system-out><![CDATA[Browser closed successfully after side menu tests.
 'Admin' menu appears successfully when searched.
]]></system-out>
    <system-err><![CDATA[Oct 07, 2025 3:33:09 AM org.openqa.selenium.devtools.CdpVersionFinder findNearestMatch
WARNING: Unable to find an exact match for CDP version 140, returning the closest version; found: 139; Please update to a Selenium version that supports CDP version 140
]]></system-err>
  </testcase>
  <testcase name="searchPIMMenu" classname="TestCases.SideSearchTests" time="2.054">
    <system-out><![CDATA[ 'PIM' menu appears successfully when searched.
]]></system-out>
  </testcase>
  <testcase name="searchLeaveMenu" classname="TestCases.SideSearchTests" time="1.991">
    <system-out><![CDATA[ 'Leave' menu appears successfully when searched.
]]></system-out>
  </testcase>
</testsuite>