<?xml version="1.0" encoding="UTF-8"?>
<!-- Generated by org.testng.reporters.JUnitReportReporter -->
<testsuite hostname="Asus" failures="0" tests="3" name="TestCases.SideSearchTests" time="7.038" errors="0" timestamp="2025-10-07T01:32:21 IST" skipped="0">
  <testcase classname="TestCases.SideSearchTests" name="searchAdminMenu" time="3.425"/>
  <testcase classname="TestCases.SideSearchTests" name="searchPIMMenu" time="1.834"/>
  <testcase classname="TestCases.SideSearchTests" name="searchLeaveMenu" time="1.779"/>
</testsuite> <!-- TestCases.SideSearchTests -->
