<?xml version="1.0" encoding="UTF-8"?>
<!-- Generated by org.testng.reporters.JUnitReportReporter -->
<testsuite hostname="Asus" failures="0" tests="3" name="TestCases.DashboardTests" time="1.881" errors="0" timestamp="2025-10-07T03:06:32 IST" skipped="0">
  <testcase classname="TestCases.DashboardTests" name="verifyDashboardIsDisplayed" time="1.828"/>
  <testcase classname="TestCases.DashboardTests" name="verifyDashboardTitle" time="0.034"/>
  <testcase classname="TestCases.DashboardTests" name="verifyDashboardUrl" time="0.019"/>
</testsuite> <!-- TestCases.DashboardTests -->
