<?xml version="1.0" encoding="UTF-8"?>
<!-- Generated by org.testng.reporters.JUnitReportReporter -->
<testsuite hostname="Asus" failures="0" tests="13" name="TestCases.SideMenuTests" time="17.859" errors="0" timestamp="2025-10-07T01:32:21 IST" skipped="0">
  <testcase classname="TestCases.SideMenuTests" name="clickAdminMenu" time="2.735"/>
  <testcase classname="TestCases.SideMenuTests" name="clickPIMMenu" time="1.141"/>
  <testcase classname="TestCases.SideMenuTests" name="clickLeaveMenu" time="1.333"/>
  <testcase classname="TestCases.SideMenuTests" name="clickTimeMenu" time="1.364"/>
  <testcase classname="TestCases.SideMenuTests" name="clickRecruitmentMenu" time="1.148"/>
  <testcase classname="TestCases.SideMenuTests" name="clickMyInfoMenu" time="2.367"/>
  <testcase classname="TestCases.SideMenuTests" name="clickPerformanceMenu" time="0.864"/>
  <testcase classname="TestCases.SideMenuTests" name="clickDashboardMenu" time="1.106"/>
  <testcase classname="TestCases.SideMenuTests" name="clickDirectoryMenu" time="1.011"/>
  <testcase classname="TestCases.SideMenuTests" name="clickMaintenanceMenu" time="1.481"/>
  <testcase classname="TestCases.SideMenuTests" name="clickCancel" time="0.802"/>
  <testcase classname="TestCases.SideMenuTests" name="clickClaimMenu" time="1.513"/>
  <testcase classname="TestCases.SideMenuTests" name="clickBuzzMenu" time="0.994"/>
</testsuite> <!-- TestCases.SideMenuTests -->
