<?xml version="1.0" encoding="UTF-8"?>
<!-- Generated by org.testng.reporters.JUnitReportReporter -->
<testsuite hostname="Asus" failures="0" tests="3" name="TestCases.SearchMenuTests" time="21.316" errors="0" timestamp="2025-10-05T18:28:58 IST" skipped="0">
  <testcase classname="TestCases.SearchMenuTests" name="searchAdminMenu" time="16.992"/>
  <testcase classname="TestCases.SearchMenuTests" name="searchPIMMenu" time="2.070"/>
  <testcase classname="TestCases.SearchMenuTests" name="searchLeaveMenu" time="2.254"/>
</testsuite> <!-- TestCases.SearchMenuTests -->
