<?xml version="1.0" encoding="UTF-8"?>
<!-- Generated by org.testng.reporters.JUnitReportReporter -->
<testsuite hostname="Asus" failures="0" tests="2" name="TestCases.LoginTests" time="0.827" errors="0" timestamp="2025-10-07T03:33:21 IST" skipped="0">
  <testcase classname="TestCases.LoginTests" name="verifyTitle" time="0.019"/>
  <testcase classname="TestCases.LoginTests" name="testLogin" time="0.808"/>
</testsuite> <!-- TestCases.LoginTests -->
