<?xml version="1.0" encoding="UTF-8"?>
<!-- Generated by org.testng.reporters.JUnitReportReporter -->
<testsuite hostname="Asus" failures="0" tests="3" name="TestCases.SideSearchTests" time="7.995" errors="0" timestamp="2025-10-07T03:33:21 IST" skipped="0">
  <testcase classname="TestCases.SideSearchTests" name="searchAdminMenu" time="3.952"/>
  <testcase classname="TestCases.SideSearchTests" name="searchPIMMenu" time="2.051"/>
  <testcase classname="TestCases.SideSearchTests" name="searchLeaveMenu" time="1.992"/>
</testsuite> <!-- TestCases.SideSearchTests -->
