<?xml version="1.0" encoding="UTF-8"?>
<!-- Generated by org.testng.reporters.JUnitReportReporter -->
<testsuite hostname="Asus" failures="0" tests="3" name="TestCases.DashboardTests" time="1.851" errors="0" timestamp="2025-10-07T03:33:21 IST" skipped="0">
  <testcase classname="TestCases.DashboardTests" name="verifyDashboardIsDisplayed" time="1.804"/>
  <testcase classname="TestCases.DashboardTests" name="verifyDashboardTitle" time="0.020"/>
  <testcase classname="TestCases.DashboardTests" name="verifyDashboardUrl" time="0.027"/>
</testsuite> <!-- TestCases.DashboardTests -->
